[2026-02-12 06:19:04] local.ERROR: array_map(): Argument #2 ($array) must be of type array, null given {"exception":"[object] (TypeError(code: 0): array_map(): Argument #2 ($array) must be of type array, null given at C:/laragon/www/PemogramanWebLanjut/jobsheet02/vendor/laravel/framework/src/Illuminate/Console/Concerns/ConfiguresPrompts.php:281)
[stacktrace]
#0 C:/laragon/www/PemogramanWebLanjut/jobsheet02/vendor/laravel/framework/src/Illuminate/Console/Concerns/ConfiguresPrompts.php(281): array_map(Object(Closure), NULL)
#1 C:/laragon/www/PemogramanWebLanjut/jobsheet02/vendor/laravel/framework/src/Illuminate/Console/Concerns/ConfiguresPrompts.php(79): Illuminate/Console/Command->multiselectFallback('Which AI agents...', Array, NULL, true)
#2 C:/laragon/www/PemogramanWebLanjut/jobsheet02/vendor/laravel/framework/src/Illuminate/Console/Concerns/ConfiguresPrompts.php(128): Illuminate/Console/Command->{closure:{closure:Illuminate/Console/Concerns/ConfiguresPrompts::configurePrompts():78}:79}()
#3 C:/laragon/www/PemogramanWebLanjut/jobsheet02/vendor/laravel/framework/src/Illuminate/Console/Concerns/ConfiguresPrompts.php(78): Illuminate/Console/Command->promptUntilValid(Object(Closure), true, NULL)
#4 C:/laragon/www/PemogramanWebLanjut/jobsheet02/vendor/laravel/prompts/src/Concerns/Fallback.php(59): Illuminate/Console/Command->{closure:Illuminate/Console/Concerns/ConfiguresPrompts::configurePrompts():78}(Object(Laravel/Prompts/MultiSelectPrompt))
#5 C:/laragon/www/PemogramanWebLanjut/jobsheet02/vendor/laravel/prompts/src/Prompt.php(108): Laravel/Prompts/Prompt->fallback()
#6 C:/laragon/www/PemogramanWebLanjut/jobsheet02/vendor/laravel/prompts/src/helpers.php(108): Laravel/Prompts/Prompt->prompt()
#7 C:/laragon/www/PemogramanWebLanjut/jobsheet02/vendor/laravel/boost/src/Console/InstallCommand.php(289): Laravel/Prompts/multiselect('Which AI agents...', Array, Array, 7, true)
#8 C:/laragon/www/PemogramanWebLanjut/jobsheet02/vendor/laravel/boost/src/Console/InstallCommand.php(114): Laravel/Boost/Console/InstallCommand->selectAgents()
#9 C:/laragon/www/PemogramanWebLanjut/jobsheet02/vendor/laravel/boost/src/Console/InstallCommand.php(85): Laravel/Boost/Console/InstallCommand->collectInstallationPreferences()
#10 C:/laragon/www/PemogramanWebLanjut/jobsheet02/vendor/laravel/framework/src/Illuminate/Container/BoundMethod.php(36): Laravel/Boost/Console/InstallCommand->handle()
#11 C:/laragon/www/PemogramanWebLanjut/jobsheet02/vendor/laravel/framework/src/Illuminate/Container/Util.php(43): Illuminate/Container/BoundMethod::{closure:Illuminate/Container/BoundMethod::call():35}()
#12 C:/laragon/www/PemogramanWebLanjut/jobsheet02/vendor/laravel/framework/src/Illuminate/Container/BoundMethod.php(96): Illuminate/Container/Util::unwrapIfClosure(Object(Closure))
#13 C:/laragon/www/PemogramanWebLanjut/jobsheet02/vendor/laravel/framework/src/Illuminate/Container/BoundMethod.php(35): Illuminate/Container/BoundMethod::callBoundMethod(Object(Illuminate/Foundation/Application), Array, Object(Closure))
#14 C:/laragon/www/PemogramanWebLanjut/jobsheet02/vendor/laravel/framework/src/Illuminate/Container/Container.php(799): Illuminate/Container/BoundMethod::call(Object(Illuminate/Foundation/Application), Array, Array, NULL)
#15 C:/laragon/www/PemogramanWebLanjut/jobsheet02/vendor/laravel/framework/src/Illuminate/Console/Command.php(211): Illuminate/Container/Container->call(Array)
#16 C:/laragon/www/PemogramanWebLanjut/jobsheet02/vendor/symfony/console/Command/Command.php(341): Illuminate/Console/Command->execute(Object(Symfony/Component/Console/Input/ArgvInput), Object(Illuminate/Console/OutputStyle))
#17 C:/laragon/www/PemogramanWebLanjut/jobsheet02/vendor/laravel/framework/src/Illuminate/Console/Command.php(180): Symfony/Component/Console/Command/Command->run(Object(Symfony/Component/Console/Input/ArgvInput), Object(Illuminate/Console/OutputStyle))
#18 C:/laragon/www/PemogramanWebLanjut/jobsheet02/vendor/symfony/console/Application.php(1102): Illuminate/Console/Command->run(Object(Symfony/Component/Console/Input/ArgvInput), Object(Symfony/Component/Console/Output/ConsoleOutput))
#19 C:/laragon/www/PemogramanWebLanjut/jobsheet02/vendor/symfony/console/Application.php(356): Symfony/Component/Console/Application->doRunCommand(Object(Laravel/Boost/Console/InstallCommand), Object(Symfony/Component/Console/Input/ArgvInput), Object(Symfony/Component/Console/Output/ConsoleOutput))
#20 C:/laragon/www/PemogramanWebLanjut/jobsheet02/vendor/symfony/console/Application.php(195): Symfony/Component/Console/Application->doRun(Object(Symfony/Component/Console/Input/ArgvInput), Object(Symfony/Component/Console/Output/ConsoleOutput))
#21 C:/laragon/www/PemogramanWebLanjut/jobsheet02/vendor/laravel/framework/src/Illuminate/Foundation/Console/Kernel.php(198): Symfony/Component/Console/Application->run(Object(Symfony/Component/Console/Input/ArgvInput), Object(Symfony/Component/Console/Output/ConsoleOutput))
#22 C:/laragon/www/PemogramanWebLanjut/jobsheet02/vendor/laravel/framework/src/Illuminate/Foundation/Application.php(1235): Illuminate/Foundation/Console/Kernel->handle(Object(Symfony/Component/Console/Input/ArgvInput), Object(Symfony/Component/Console/Output/ConsoleOutput))
#23 C:/laragon/www/PemogramanWebLanjut/jobsheet02/artisan(16): Illuminate/Foundation/Application->handleCommand(Object(Symfony/Component/Console/Input/ArgvInput))
#24 {main}
"} 
